mode: set
github.com/evalphobia/aws-sdk-go-wrapper/dynamodb/client.go:31.34,38.2 6 1
github.com/evalphobia/aws-sdk-go-wrapper/dynamodb/client.go:41.75,43.16 2 1
github.com/evalphobia/aws-sdk-go-wrapper/dynamodb/client.go:47.2,48.12 2 1
github.com/evalphobia/aws-sdk-go-wrapper/dynamodb/client.go:43.16,46.3 2 0
github.com/evalphobia/aws-sdk-go-wrapper/dynamodb/client.go:52.89,56.16 2 1
github.com/evalphobia/aws-sdk-go-wrapper/dynamodb/client.go:59.2,59.23 1 1
github.com/evalphobia/aws-sdk-go-wrapper/dynamodb/client.go:56.16,58.3 1 0
github.com/evalphobia/aws-sdk-go-wrapper/dynamodb/client.go:63.71,68.8 3 1
github.com/evalphobia/aws-sdk-go-wrapper/dynamodb/client.go:73.2,74.16 2 1
github.com/evalphobia/aws-sdk-go-wrapper/dynamodb/client.go:77.2,83.49 2 1
github.com/evalphobia/aws-sdk-go-wrapper/dynamodb/client.go:86.2,86.50 1 1
github.com/evalphobia/aws-sdk-go-wrapper/dynamodb/client.go:89.2,90.15 2 1
github.com/evalphobia/aws-sdk-go-wrapper/dynamodb/client.go:68.8,70.3 1 0
github.com/evalphobia/aws-sdk-go-wrapper/dynamodb/client.go:74.16,76.3 1 0
github.com/evalphobia/aws-sdk-go-wrapper/dynamodb/client.go:83.49,85.3 1 1
github.com/evalphobia/aws-sdk-go-wrapper/dynamodb/client.go:86.50,88.3 1 1
github.com/evalphobia/aws-sdk-go-wrapper/dynamodb/client.go:94.53,96.2 1 1
github.com/evalphobia/aws-sdk-go-wrapper/dynamodb/client.go:99.56,101.2 1 1
github.com/evalphobia/aws-sdk-go-wrapper/dynamodb/client.go:104.41,106.37 2 1
github.com/evalphobia/aws-sdk-go-wrapper/dynamodb/client.go:114.2,114.20 1 1
github.com/evalphobia/aws-sdk-go-wrapper/dynamodb/client.go:117.2,117.12 1 1
github.com/evalphobia/aws-sdk-go-wrapper/dynamodb/client.go:106.37,108.17 2 1
github.com/evalphobia/aws-sdk-go-wrapper/dynamodb/client.go:112.3,112.27 1 1
github.com/evalphobia/aws-sdk-go-wrapper/dynamodb/client.go:108.17,111.4 2 0
github.com/evalphobia/aws-sdk-go-wrapper/dynamodb/client.go:114.20,116.3 1 0
github.com/evalphobia/aws-sdk-go-wrapper/dynamodb/client.go:121.30,123.2 1 1
github.com/evalphobia/aws-sdk-go-wrapper/dynamodb/client.go:126.57,128.16 2 1
github.com/evalphobia/aws-sdk-go-wrapper/dynamodb/client.go:131.2,131.28 1 1
github.com/evalphobia/aws-sdk-go-wrapper/dynamodb/client.go:128.16,130.3 1 0
github.com/evalphobia/aws-sdk-go-wrapper/dynamodb/condition.go:17.42,21.2 3 1
github.com/evalphobia/aws-sdk-go-wrapper/dynamodb/condition.go:24.66,29.2 1 1
github.com/evalphobia/aws-sdk-go-wrapper/dynamodb/condition.go:32.56,35.2 2 1
github.com/evalphobia/aws-sdk-go-wrapper/dynamodb/condition.go:38.56,41.2 2 1
github.com/evalphobia/aws-sdk-go-wrapper/dynamodb/condition.go:44.56,47.2 2 1
github.com/evalphobia/aws-sdk-go-wrapper/dynamodb/condition.go:50.56,53.2 2 1
github.com/evalphobia/aws-sdk-go-wrapper/dynamodb/condition.go:56.56,59.2 2 1
github.com/evalphobia/aws-sdk-go-wrapper/dynamodb/condition.go:62.56,65.2 2 1
github.com/evalphobia/aws-sdk-go-wrapper/dynamodb/condition.go:68.73,70.2 1 1
github.com/evalphobia/aws-sdk-go-wrapper/dynamodb/condition.go:73.48,75.2 1 1
github.com/evalphobia/aws-sdk-go-wrapper/dynamodb/helper.go:17.53,18.23 1 1
github.com/evalphobia/aws-sdk-go-wrapper/dynamodb/helper.go:49.2,50.9 2 1
github.com/evalphobia/aws-sdk-go-wrapper/dynamodb/helper.go:56.2,56.29 1 1
github.com/evalphobia/aws-sdk-go-wrapper/dynamodb/helper.go:19.2,22.4 1 1
github.com/evalphobia/aws-sdk-go-wrapper/dynamodb/helper.go:23.2,26.4 1 1
github.com/evalphobia/aws-sdk-go-wrapper/dynamodb/helper.go:27.2,30.4 1 1
github.com/evalphobia/aws-sdk-go-wrapper/dynamodb/helper.go:31.2,34.4 1 1
github.com/evalphobia/aws-sdk-go-wrapper/dynamodb/helper.go:35.2,38.4 1 1
github.com/evalphobia/aws-sdk-go-wrapper/dynamodb/helper.go:39.2,42.4 1 1
github.com/evalphobia/aws-sdk-go-wrapper/dynamodb/helper.go:43.2,46.4 1 1
github.com/evalphobia/aws-sdk-go-wrapper/dynamodb/helper.go:51.2,54.4 1 1
github.com/evalphobia/aws-sdk-go-wrapper/dynamodb/helper.go:60.47,61.9 1 1
github.com/evalphobia/aws-sdk-go-wrapper/dynamodb/helper.go:99.2,99.12 1 0
github.com/evalphobia/aws-sdk-go-wrapper/dynamodb/helper.go:62.2,64.14 2 1
github.com/evalphobia/aws-sdk-go-wrapper/dynamodb/helper.go:65.2,66.16 1 1
github.com/evalphobia/aws-sdk-go-wrapper/dynamodb/helper.go:67.2,68.19 1 1
github.com/evalphobia/aws-sdk-go-wrapper/dynamodb/helper.go:69.2,70.15 1 1
github.com/evalphobia/aws-sdk-go-wrapper/dynamodb/helper.go:71.2,72.26 1 1
github.com/evalphobia/aws-sdk-go-wrapper/dynamodb/helper.go:73.2,75.34 2 1
github.com/evalphobia/aws-sdk-go-wrapper/dynamodb/helper.go:79.3,79.14 1 1
github.com/evalphobia/aws-sdk-go-wrapper/dynamodb/helper.go:80.2,82.34 2 1
github.com/evalphobia/aws-sdk-go-wrapper/dynamodb/helper.go:85.3,85.14 1 1
github.com/evalphobia/aws-sdk-go-wrapper/dynamodb/helper.go:86.2,88.33 2 1
github.com/evalphobia/aws-sdk-go-wrapper/dynamodb/helper.go:91.3,91.14 1 1
github.com/evalphobia/aws-sdk-go-wrapper/dynamodb/helper.go:92.2,94.30 2 0
github.com/evalphobia/aws-sdk-go-wrapper/dynamodb/helper.go:97.3,97.14 1 0
github.com/evalphobia/aws-sdk-go-wrapper/dynamodb/helper.go:75.34,78.4 2 1
github.com/evalphobia/aws-sdk-go-wrapper/dynamodb/helper.go:82.34,84.4 1 1
github.com/evalphobia/aws-sdk-go-wrapper/dynamodb/helper.go:88.33,90.4 1 1
github.com/evalphobia/aws-sdk-go-wrapper/dynamodb/helper.go:94.30,96.4 1 0
github.com/evalphobia/aws-sdk-go-wrapper/dynamodb/helper.go:103.75,105.29 2 1
github.com/evalphobia/aws-sdk-go-wrapper/dynamodb/helper.go:108.2,108.13 1 1
github.com/evalphobia/aws-sdk-go-wrapper/dynamodb/helper.go:105.29,107.3 1 1
github.com/evalphobia/aws-sdk-go-wrapper/dynamodb/helper.go:112.73,114.29 2 1
github.com/evalphobia/aws-sdk-go-wrapper/dynamodb/helper.go:117.2,117.13 1 1
github.com/evalphobia/aws-sdk-go-wrapper/dynamodb/helper.go:114.29,116.3 1 1
github.com/evalphobia/aws-sdk-go-wrapper/dynamodb/helper.go:121.44,124.37 2 1
github.com/evalphobia/aws-sdk-go-wrapper/dynamodb/helper.go:132.2,132.13 1 1
github.com/evalphobia/aws-sdk-go-wrapper/dynamodb/helper.go:125.2,128.28 3 1
github.com/evalphobia/aws-sdk-go-wrapper/dynamodb/helper.go:128.28,130.4 1 1
github.com/evalphobia/aws-sdk-go-wrapper/dynamodb/helper.go:135.77,140.2 1 1
github.com/evalphobia/aws-sdk-go-wrapper/dynamodb/helper.go:147.77,148.23 1 1
github.com/evalphobia/aws-sdk-go-wrapper/dynamodb/helper.go:148.23,153.3 4 1
github.com/evalphobia/aws-sdk-go-wrapper/dynamodb/helper.go:153.3,157.3 3 1
github.com/evalphobia/aws-sdk-go-wrapper/dynamodb/helper.go:161.67,166.2 1 1
github.com/evalphobia/aws-sdk-go-wrapper/dynamodb/helper.go:169.62,171.2 1 1
github.com/evalphobia/aws-sdk-go-wrapper/dynamodb/helper.go:174.63,176.2 1 1
github.com/evalphobia/aws-sdk-go-wrapper/dynamodb/helper.go:183.89,185.2 1 1
github.com/evalphobia/aws-sdk-go-wrapper/dynamodb/helper.go:188.80,191.18 3 1
github.com/evalphobia/aws-sdk-go-wrapper/dynamodb/helper.go:197.2,199.16 3 1
github.com/evalphobia/aws-sdk-go-wrapper/dynamodb/helper.go:192.2,193.29 1 1
github.com/evalphobia/aws-sdk-go-wrapper/dynamodb/helper.go:194.2,195.17 1 1
github.com/evalphobia/aws-sdk-go-wrapper/dynamodb/helper.go:203.66,205.2 1 1
github.com/evalphobia/aws-sdk-go-wrapper/dynamodb/helper.go:208.66,210.2 1 1
github.com/evalphobia/aws-sdk-go-wrapper/dynamodb/helper.go:213.64,215.2 1 1
github.com/evalphobia/aws-sdk-go-wrapper/dynamodb/helper.go:218.64,220.2 1 1
github.com/evalphobia/aws-sdk-go-wrapper/dynamodb/index.go:23.83,29.2 1 1
github.com/evalphobia/aws-sdk-go-wrapper/dynamodb/index.go:32.49,34.2 1 1
github.com/evalphobia/aws-sdk-go-wrapper/dynamodb/index.go:37.50,38.28 1 1
github.com/evalphobia/aws-sdk-go-wrapper/dynamodb/index.go:38.28,40.3 1 1
github.com/evalphobia/aws-sdk-go-wrapper/dynamodb/index.go:40.3,42.3 1 1
github.com/evalphobia/aws-sdk-go-wrapper/dynamodb/index.go:46.103,53.25 3 1
github.com/evalphobia/aws-sdk-go-wrapper/dynamodb/index.go:58.2,59.12 2 1
github.com/evalphobia/aws-sdk-go-wrapper/dynamodb/index.go:53.25,55.3 1 1
github.com/evalphobia/aws-sdk-go-wrapper/dynamodb/index.go:55.3,57.3 1 1
github.com/evalphobia/aws-sdk-go-wrapper/dynamodb/index.go:63.135,71.25 3 1
github.com/evalphobia/aws-sdk-go-wrapper/dynamodb/index.go:76.2,77.12 2 1
github.com/evalphobia/aws-sdk-go-wrapper/dynamodb/index.go:71.25,73.3 1 1
github.com/evalphobia/aws-sdk-go-wrapper/dynamodb/index.go:73.3,75.3 1 1
github.com/evalphobia/aws-sdk-go-wrapper/dynamodb/item.go:17.28,22.2 1 1
github.com/evalphobia/aws-sdk-go-wrapper/dynamodb/item.go:25.62,27.2 1 1
github.com/evalphobia/aws-sdk-go-wrapper/dynamodb/item.go:30.56,34.2 3 1
github.com/evalphobia/aws-sdk-go-wrapper/dynamodb/item.go:37.59,41.2 3 1
github.com/evalphobia/aws-sdk-go-wrapper/dynamodb/item.go:44.64,47.2 2 1
github.com/evalphobia/aws-sdk-go-wrapper/dynamodb/item.go:50.64,53.2 2 1
github.com/evalphobia/aws-sdk-go-wrapper/dynamodb/item.go:56.64,59.2 2 1
github.com/evalphobia/aws-sdk-go-wrapper/dynamodb/item.go:62.64,65.2 2 1
github.com/evalphobia/aws-sdk-go-wrapper/dynamodb/item.go:68.64,71.2 2 1
github.com/evalphobia/aws-sdk-go-wrapper/dynamodb/item.go:74.64,77.2 2 1
github.com/evalphobia/aws-sdk-go-wrapper/dynamodb/item.go:80.94,82.2 1 1
github.com/evalphobia/aws-sdk-go-wrapper/dynamodb/item.go:85.55,87.2 0 0
github.com/evalphobia/aws-sdk-go-wrapper/dynamodb/item.go:90.57,92.2 0 0
github.com/evalphobia/aws-sdk-go-wrapper/dynamodb/item.go:95.53,97.2 1 1
github.com/evalphobia/aws-sdk-go-wrapper/dynamodb/item.go:100.88,106.2 2 1
github.com/evalphobia/aws-sdk-go-wrapper/dynamodb/table.go:25.49,33.2 7 1
github.com/evalphobia/aws-sdk-go-wrapper/dynamodb/table.go:36.35,40.36 3 1
github.com/evalphobia/aws-sdk-go-wrapper/dynamodb/table.go:53.2,54.20 2 1
github.com/evalphobia/aws-sdk-go-wrapper/dynamodb/table.go:57.2,57.12 1 1
github.com/evalphobia/aws-sdk-go-wrapper/dynamodb/table.go:40.36,41.34 1 1
github.com/evalphobia/aws-sdk-go-wrapper/dynamodb/table.go:47.3,48.15 2 1
github.com/evalphobia/aws-sdk-go-wrapper/dynamodb/table.go:41.34,45.12 4 1
github.com/evalphobia/aws-sdk-go-wrapper/dynamodb/table.go:48.15,51.4 2 0
github.com/evalphobia/aws-sdk-go-wrapper/dynamodb/table.go:54.20,56.3 1 1
github.com/evalphobia/aws-sdk-go-wrapper/dynamodb/table.go:61.77,64.50 3 1
github.com/evalphobia/aws-sdk-go-wrapper/dynamodb/table.go:68.2,73.16 3 1
github.com/evalphobia/aws-sdk-go-wrapper/dynamodb/table.go:77.2,77.33 1 1
github.com/evalphobia/aws-sdk-go-wrapper/dynamodb/table.go:64.50,66.3 1 1
github.com/evalphobia/aws-sdk-go-wrapper/dynamodb/table.go:73.16,76.3 2 0
github.com/evalphobia/aws-sdk-go-wrapper/dynamodb/table.go:81.95,83.9 2 1
github.com/evalphobia/aws-sdk-go-wrapper/dynamodb/table.go:88.2,96.39 5 1
github.com/evalphobia/aws-sdk-go-wrapper/dynamodb/table.go:103.2,108.20 2 1
github.com/evalphobia/aws-sdk-go-wrapper/dynamodb/table.go:83.9,86.3 2 0
github.com/evalphobia/aws-sdk-go-wrapper/dynamodb/table.go:96.39,101.3 1 1
github.com/evalphobia/aws-sdk-go-wrapper/dynamodb/table.go:112.85,118.21 2 1
github.com/evalphobia/aws-sdk-go-wrapper/dynamodb/table.go:124.2,124.16 1 1
github.com/evalphobia/aws-sdk-go-wrapper/dynamodb/table.go:127.2,127.20 1 1
github.com/evalphobia/aws-sdk-go-wrapper/dynamodb/table.go:130.2,130.33 1 1
github.com/evalphobia/aws-sdk-go-wrapper/dynamodb/table.go:118.21,120.3 1 1
github.com/evalphobia/aws-sdk-go-wrapper/dynamodb/table.go:120.3,122.3 1 1
github.com/evalphobia/aws-sdk-go-wrapper/dynamodb/table.go:124.16,126.3 1 0
github.com/evalphobia/aws-sdk-go-wrapper/dynamodb/table.go:127.20,129.3 1 1
github.com/evalphobia/aws-sdk-go-wrapper/dynamodb/table.go:134.76,135.50 1 1
github.com/evalphobia/aws-sdk-go-wrapper/dynamodb/table.go:139.2,149.20 4 1
github.com/evalphobia/aws-sdk-go-wrapper/dynamodb/table.go:135.50,137.3 1 1
github.com/evalphobia/aws-sdk-go-wrapper/dynamodb/table.go:153.88,155.16 2 1
github.com/evalphobia/aws-sdk-go-wrapper/dynamodb/table.go:159.2,159.49 1 1
github.com/evalphobia/aws-sdk-go-wrapper/dynamodb/table.go:155.16,158.3 2 0
github.com/evalphobia/aws-sdk-go-wrapper/dynamodb/table.go:163.64,169.16 3 1
github.com/evalphobia/aws-sdk-go-wrapper/dynamodb/table.go:173.2,173.49 1 1
github.com/evalphobia/aws-sdk-go-wrapper/dynamodb/table.go:169.16,172.3 2 0
github.com/evalphobia/aws-sdk-go-wrapper/dynamodb/table.go:177.51,180.50 3 1
github.com/evalphobia/aws-sdk-go-wrapper/dynamodb/table.go:184.2,189.16 3 1
github.com/evalphobia/aws-sdk-go-wrapper/dynamodb/table.go:193.2,193.12 1 1
github.com/evalphobia/aws-sdk-go-wrapper/dynamodb/table.go:180.50,182.3 1 1
github.com/evalphobia/aws-sdk-go-wrapper/dynamodb/table.go:189.16,192.3 2 0
github.com/evalphobia/aws-sdk-go-wrapper/dynamodb/table.go:197.115,199.29 2 1
github.com/evalphobia/aws-sdk-go-wrapper/dynamodb/table.go:202.2,202.10 1 1
github.com/evalphobia/aws-sdk-go-wrapper/dynamodb/table.go:199.29,201.3 1 1
github.com/evalphobia/aws-sdk-go-wrapper/dynamodb/table.go:206.47,208.2 1 1
github.com/evalphobia/aws-sdk-go-wrapper/dynamodb/table.go:211.48,212.32 1 1
github.com/evalphobia/aws-sdk-go-wrapper/dynamodb/table.go:212.32,214.3 1 1
github.com/evalphobia/aws-sdk-go-wrapper/dynamodb/table.go:214.3,216.3 1 1
github.com/evalphobia/aws-sdk-go-wrapper/dynamodb/table.go:220.76,223.9 3 1
github.com/evalphobia/aws-sdk-go-wrapper/dynamodb/table.go:227.2,229.27 3 1
github.com/evalphobia/aws-sdk-go-wrapper/dynamodb/table.go:233.2,233.13 1 1
github.com/evalphobia/aws-sdk-go-wrapper/dynamodb/table.go:223.9,226.3 2 1
github.com/evalphobia/aws-sdk-go-wrapper/dynamodb/table.go:229.27,232.3 2 1
github.com/evalphobia/aws-sdk-go-wrapper/dynamodb/table.go:238.41,243.16 4 1
github.com/evalphobia/aws-sdk-go-wrapper/dynamodb/table.go:247.2,248.30 2 1
github.com/evalphobia/aws-sdk-go-wrapper/dynamodb/table.go:260.2,260.18 1 1
github.com/evalphobia/aws-sdk-go-wrapper/dynamodb/table.go:264.2,264.12 1 1
github.com/evalphobia/aws-sdk-go-wrapper/dynamodb/table.go:243.16,245.3 1 0
github.com/evalphobia/aws-sdk-go-wrapper/dynamodb/table.go:248.30,250.21 2 1
github.com/evalphobia/aws-sdk-go-wrapper/dynamodb/table.go:255.3,255.15 1 1
github.com/evalphobia/aws-sdk-go-wrapper/dynamodb/table.go:250.21,252.4 1 1
github.com/evalphobia/aws-sdk-go-wrapper/dynamodb/table.go:252.4,254.4 1 1
github.com/evalphobia/aws-sdk-go-wrapper/dynamodb/table.go:255.15,257.4 1 0
github.com/evalphobia/aws-sdk-go-wrapper/dynamodb/table.go:260.18,262.3 1 0
